
*** Running vivado
    with args -log Gyro_Demo.vdi -applog -m64 -product Vivado -messageDb vivado.pb -mode batch -source Gyro_Demo.tcl -notrace


****** Vivado v2018.3 (64-bit)
  **** SW Build 2405991 on Thu Dec  6 23:38:27 MST 2018
  **** IP Build 2404404 on Fri Dec  7 01:43:56 MST 2018
    ** Copyright 1986-2018 Xilinx, Inc. All Rights Reserved.

source Gyro_Demo.tcl -notrace
Command: link_design -top Gyro_Demo -part xc7s15ftgb196-1
Design is defaulting to srcset: sources_1
Design is defaulting to constrset: constrs_1
INFO: [Project 1-454] Reading design checkpoint 'c:/summer_school/SEA-master/Examples/FPGA/4.Module-Interface/Gyro-Interface/Gyro_Demo_Verilog/Gyro_Demo/Gyro_Demo.srcs/sources_1/ip/clk_wiz_1/clk_wiz_1.dcp' for cell 'clk_10'
INFO: [Netlist 29-17] Analyzing 41 Unisim elements for replacement
INFO: [Netlist 29-28] Unisim Transformation completed in 0 CPU seconds
INFO: [Project 1-479] Netlist was created with Vivado 2018.3
INFO: [Device 21-403] Loading part xc7s15ftgb196-1
INFO: [Project 1-570] Preparing netlist for logic optimization
Parsing XDC File [c:/summer_school/SEA-master/Examples/FPGA/4.Module-Interface/Gyro-Interface/Gyro_Demo_Verilog/Gyro_Demo/Gyro_Demo.srcs/sources_1/ip/clk_wiz_1/clk_wiz_1_board.xdc] for cell 'clk_10/inst'
Finished Parsing XDC File [c:/summer_school/SEA-master/Examples/FPGA/4.Module-Interface/Gyro-Interface/Gyro_Demo_Verilog/Gyro_Demo/Gyro_Demo.srcs/sources_1/ip/clk_wiz_1/clk_wiz_1_board.xdc] for cell 'clk_10/inst'
Parsing XDC File [c:/summer_school/SEA-master/Examples/FPGA/4.Module-Interface/Gyro-Interface/Gyro_Demo_Verilog/Gyro_Demo/Gyro_Demo.srcs/sources_1/ip/clk_wiz_1/clk_wiz_1.xdc] for cell 'clk_10/inst'
INFO: [Timing 38-35] Done setting XDC timing constraints. [c:/summer_school/SEA-master/Examples/FPGA/4.Module-Interface/Gyro-Interface/Gyro_Demo_Verilog/Gyro_Demo/Gyro_Demo.srcs/sources_1/ip/clk_wiz_1/clk_wiz_1.xdc:57]
INFO: [Timing 38-2] Deriving generated clocks [c:/summer_school/SEA-master/Examples/FPGA/4.Module-Interface/Gyro-Interface/Gyro_Demo_Verilog/Gyro_Demo/Gyro_Demo.srcs/sources_1/ip/clk_wiz_1/clk_wiz_1.xdc:57]
get_clocks: Time (s): cpu = 00:00:13 ; elapsed = 00:00:15 . Memory (MB): peak = 1115.063 ; gain = 459.883
Finished Parsing XDC File [c:/summer_school/SEA-master/Examples/FPGA/4.Module-Interface/Gyro-Interface/Gyro_Demo_Verilog/Gyro_Demo/Gyro_Demo.srcs/sources_1/ip/clk_wiz_1/clk_wiz_1.xdc] for cell 'clk_10/inst'
Parsing XDC File [C:/summer_school/SEA-master/Examples/FPGA/4.Module-Interface/Gyro-Interface/Gyro_Demo_Verilog/Gyro_Demo/Gyro_Demo.srcs/constrs_1/new/system.xdc]
Finished Parsing XDC File [C:/summer_school/SEA-master/Examples/FPGA/4.Module-Interface/Gyro-Interface/Gyro_Demo_Verilog/Gyro_Demo/Gyro_Demo.srcs/constrs_1/new/system.xdc]
INFO: [Opt 31-138] Pushed 0 inverter(s) to 0 load pin(s).
Netlist sorting complete. Time (s): cpu = 00:00:00 ; elapsed = 00:00:00 . Memory (MB): peak = 1115.316 ; gain = 0.000
INFO: [Project 1-111] Unisim Transformation Summary:
  A total of 1 instances were transformed.
  IOBUF => IOBUF (IBUF, OBUFT): 1 instances

10 Infos, 0 Warnings, 0 Critical Warnings and 0 Errors encountered.
link_design completed successfully
link_design: Time (s): cpu = 00:00:20 ; elapsed = 00:00:25 . Memory (MB): peak = 1115.316 ; gain = 758.973
Command: opt_design
Attempting to get a license for feature 'Implementation' and/or device 'xc7s15'
INFO: [Common 17-349] Got license for feature 'Implementation' and/or device 'xc7s15'
Running DRC as a precondition to command opt_design

Starting DRC Task
INFO: [DRC 23-27] Running DRC with 2 threads
INFO: [Project 1-461] DRC finished with 0 Errors
INFO: [Project 1-462] Please refer to the DRC report (report_drc) for more information.

Time (s): cpu = 00:00:02 ; elapsed = 00:00:01 . Memory (MB): peak = 1115.316 ; gain = 0.000

Starting Cache Timing Information Task
INFO: [Timing 38-35] Done setting XDC timing constraints.
INFO: [Timing 38-2] Deriving generated clocks
Ending Cache Timing Information Task | Checksum: 162f81a72

Time (s): cpu = 00:00:00 ; elapsed = 00:00:00.274 . Memory (MB): peak = 1131.457 ; gain = 16.141

Starting Logic Optimization Task

Phase 1 Retarget
INFO: [Opt 31-138] Pushed 0 inverter(s) to 0 load pin(s).
INFO: [Opt 31-49] Retargeted 0 cell(s).
Phase 1 Retarget | Checksum: 162f81a72

Time (s): cpu = 00:00:00 ; elapsed = 00:00:02 . Memory (MB): peak = 1211.203 ; gain = 0.000
INFO: [Opt 31-389] Phase Retarget created 0 cells and removed 0 cells
INFO: [Opt 31-1021] In phase Retarget, 1 netlist objects are constrained preventing optimization. Please run opt_design with -debug_log to get more detail. 

Phase 2 Constant propagation
INFO: [Opt 31-138] Pushed 0 inverter(s) to 0 load pin(s).
Phase 2 Constant propagation | Checksum: 162f81a72

Time (s): cpu = 00:00:00 ; elapsed = 00:00:03 . Memory (MB): peak = 1211.203 ; gain = 0.000
INFO: [Opt 31-389] Phase Constant propagation created 0 cells and removed 0 cells

Phase 3 Sweep
Phase 3 Sweep | Checksum: 1ae4b3bdb

Time (s): cpu = 00:00:00 ; elapsed = 00:00:05 . Memory (MB): peak = 1211.203 ; gain = 0.000
INFO: [Opt 31-389] Phase Sweep created 0 cells and removed 0 cells

Phase 4 BUFG optimization
INFO: [Opt 31-194] Inserted BUFG clk_10/inst/clk_out1_clk_wiz_1_BUFG_inst to drive 0 load(s) on clock net clk_10/inst/clk_out1_clk_wiz_1_BUFG
INFO: [Opt 31-194] Inserted BUFG clk_10/inst/clk_out2_clk_wiz_1_BUFG_inst to drive 0 load(s) on clock net clk_10/inst/clk_out2_clk_wiz_1_BUFG
INFO: [Opt 31-193] Inserted 2 BUFG(s) on clock nets
Phase 4 BUFG optimization | Checksum: 167a708f6

Time (s): cpu = 00:00:00 ; elapsed = 00:00:05 . Memory (MB): peak = 1211.203 ; gain = 0.000
INFO: [Opt 31-662] Phase BUFG optimization created 0 cells of which 0 are BUFGs and removed 0 cells.

Phase 5 Shift Register Optimization
Phase 5 Shift Register Optimization | Checksum: 21b42f901

Time (s): cpu = 00:00:00 ; elapsed = 00:00:06 . Memory (MB): peak = 1211.203 ; gain = 0.000
INFO: [Opt 31-389] Phase Shift Register Optimization created 0 cells and removed 0 cells

Phase 6 Post Processing Netlist
Phase 6 Post Processing Netlist | Checksum: 1b27090ff

Time (s): cpu = 00:00:00 ; elapsed = 00:00:06 . Memory (MB): peak = 1211.203 ; gain = 0.000
INFO: [Opt 31-389] Phase Post Processing Netlist created 0 cells and removed 0 cells
Opt_design Change Summary
=========================


-------------------------------------------------------------------------------------------------------------------------
|  Phase                        |  #Cells created  |  #Cells Removed  |  #Constrained objects preventing optimizations  |
-------------------------------------------------------------------------------------------------------------------------
|  Retarget                     |               0  |               0  |                                              1  |
|  Constant propagation         |               0  |               0  |                                              0  |
|  Sweep                        |               0  |               0  |                                              0  |
|  BUFG optimization            |               0  |               0  |                                              0  |
|  Shift Register Optimization  |               0  |               0  |                                              0  |
|  Post Processing Netlist      |               0  |               0  |                                              0  |
-------------------------------------------------------------------------------------------------------------------------



Starting Connectivity Check Task

Time (s): cpu = 00:00:00 ; elapsed = 00:00:00.005 . Memory (MB): peak = 1211.203 ; gain = 0.000
Ending Logic Optimization Task | Checksum: 1bdcee6f1

Time (s): cpu = 00:00:00 ; elapsed = 00:00:06 . Memory (MB): peak = 1211.203 ; gain = 0.000

Starting Power Optimization Task
INFO: [Pwropt 34-132] Skipping clock gating for clocks with a period < 2.00 ns.
Ending Power Optimization Task | Checksum: 1bdcee6f1

Time (s): cpu = 00:00:00 ; elapsed = 00:00:00.930 . Memory (MB): peak = 1211.203 ; gain = 0.000

Starting Final Cleanup Task
Ending Final Cleanup Task | Checksum: 1bdcee6f1

Time (s): cpu = 00:00:00 ; elapsed = 00:00:00 . Memory (MB): peak = 1211.203 ; gain = 0.000

Starting Netlist Obfuscation Task
Netlist sorting complete. Time (s): cpu = 00:00:00 ; elapsed = 00:00:00.001 . Memory (MB): peak = 1211.203 ; gain = 0.000
Ending Netlist Obfuscation Task | Checksum: 1bdcee6f1

Time (s): cpu = 00:00:00 ; elapsed = 00:00:00.001 . Memory (MB): peak = 1211.203 ; gain = 0.000
INFO: [Common 17-83] Releasing license: Implementation
31 Infos, 0 Warnings, 0 Critical Warnings and 0 Errors encountered.
opt_design completed successfully
opt_design: Time (s): cpu = 00:00:04 ; elapsed = 00:00:11 . Memory (MB): peak = 1211.203 ; gain = 95.887
Netlist sorting complete. Time (s): cpu = 00:00:00 ; elapsed = 00:00:00 . Memory (MB): peak = 1211.203 ; gain = 0.000
Writing placer database...
INFO: [Timing 38-480] Writing timing data to binary archive.
Writing XDEF routing.
Writing XDEF routing logical nets.
Writing XDEF routing special nets.
Write XDEF Complete: Time (s): cpu = 00:00:01 ; elapsed = 00:00:00.493 . Memory (MB): peak = 1211.203 ; gain = 0.000
Netlist sorting complete. Time (s): cpu = 00:00:00 ; elapsed = 00:00:00.001 . Memory (MB): peak = 1211.203 ; gain = 0.000
INFO: [Common 17-1381] The checkpoint 'C:/summer_school/SEA-master/Examples/FPGA/4.Module-Interface/Gyro-Interface/Gyro_Demo_Verilog/Gyro_Demo/Gyro_Demo.runs/impl_1/Gyro_Demo_opt.dcp' has been generated.
INFO: [runtcl-4] Executing : report_drc -file Gyro_Demo_drc_opted.rpt -pb Gyro_Demo_drc_opted.pb -rpx Gyro_Demo_drc_opted.rpx
Command: report_drc -file Gyro_Demo_drc_opted.rpt -pb Gyro_Demo_drc_opted.pb -rpx Gyro_Demo_drc_opted.rpx
INFO: [IP_Flow 19-1839] IP Catalog is up to date.
INFO: [DRC 23-27] Running DRC with 2 threads
INFO: [Coretcl 2-168] The results of DRC are in file C:/summer_school/SEA-master/Examples/FPGA/4.Module-Interface/Gyro-Interface/Gyro_Demo_Verilog/Gyro_Demo/Gyro_Demo.runs/impl_1/Gyro_Demo_drc_opted.rpt.
report_drc completed successfully
Command: place_design
Attempting to get a license for feature 'Implementation' and/or device 'xc7s15'
INFO: [Common 17-349] Got license for feature 'Implementation' and/or device 'xc7s15'
INFO: [DRC 23-27] Running DRC with 2 threads
INFO: [Vivado_Tcl 4-198] DRC finished with 0 Errors
INFO: [Vivado_Tcl 4-199] Please refer to the DRC report (report_drc) for more information.
Running DRC as a precondition to command place_design
INFO: [DRC 23-27] Running DRC with 2 threads
INFO: [Vivado_Tcl 4-198] DRC finished with 0 Errors
INFO: [Vivado_Tcl 4-199] Please refer to the DRC report (report_drc) for more information.

Starting Placer Task
INFO: [Place 30-611] Multithreading enabled for place_design using a maximum of 2 CPUs

Phase 1 Placer Initialization

Phase 1.1 Placer Initialization Netlist Sorting
Netlist sorting complete. Time (s): cpu = 00:00:00 ; elapsed = 00:00:00.002 . Memory (MB): peak = 1211.203 ; gain = 0.000
Phase 1.1 Placer Initialization Netlist Sorting | Checksum: 18b1f02b8

Time (s): cpu = 00:00:00 ; elapsed = 00:00:00.287 . Memory (MB): peak = 1211.203 ; gain = 0.000
Netlist sorting complete. Time (s): cpu = 00:00:00 ; elapsed = 00:00:00.001 . Memory (MB): peak = 1211.203 ; gain = 0.000

Phase 1.2 IO Placement/ Clock Placement/ Build Placer Device
WARNING: [Place 30-568] A LUT 'UART0/UART_Clk/clk_out' is driving clock pin of 15 registers. This could lead to large hold time violations. First few involved registers are:
	UART0/UART_Tx0/FSM_sequential_State_Current_reg[0] {FDRE}
	UART0/UART_Tx0/FSM_sequential_State_Current_reg[1] {FDRE}
	UART0/UART_Tx0/Send_Buffer_reg[1] {FDRE}
	UART0/UART_Tx0/Send_Buffer_reg[2] {FDRE}
	UART0/UART_Tx0/Send_Buffer_reg[3] {FDRE}
INFO: [Timing 38-35] Done setting XDC timing constraints.
Phase 1.2 IO Placement/ Clock Placement/ Build Placer Device | Checksum: 4f714e89

Time (s): cpu = 00:00:01 ; elapsed = 00:00:04 . Memory (MB): peak = 1211.203 ; gain = 0.000

Phase 1.3 Build Placer Netlist Model
Phase 1.3 Build Placer Netlist Model | Checksum: fff1754c

Time (s): cpu = 00:00:02 ; elapsed = 00:00:14 . Memory (MB): peak = 1211.203 ; gain = 0.000

Phase 1.4 Constrain Clocks/Macros
Phase 1.4 Constrain Clocks/Macros | Checksum: fff1754c

Time (s): cpu = 00:00:02 ; elapsed = 00:00:14 . Memory (MB): peak = 1211.203 ; gain = 0.000
Phase 1 Placer Initialization | Checksum: fff1754c

Time (s): cpu = 00:00:02 ; elapsed = 00:00:14 . Memory (MB): peak = 1211.203 ; gain = 0.000

Phase 2 Global Placement

Phase 2.1 Floorplanning
Phase 2.1 Floorplanning | Checksum: 1066b07e3

Time (s): cpu = 00:00:03 ; elapsed = 00:00:18 . Memory (MB): peak = 1211.203 ; gain = 0.000

Phase 2.2 Physical Synthesis In Placer
INFO: [Physopt 32-65] No nets found for high-fanout optimization.
INFO: [Physopt 32-232] Optimized 0 net. Created 0 new instance.
INFO: [Physopt 32-775] End 1 Pass. Optimized 0 net or cell. Created 0 new cell, deleted 0 existing cell and moved 0 existing cell
INFO: [Physopt 32-670] No setup violation found.  DSP Register Optimization was not performed.
INFO: [Physopt 32-670] No setup violation found.  Shift Register Optimization was not performed.
INFO: [Physopt 32-670] No setup violation found.  BRAM Register Optimization was not performed.
INFO: [Physopt 32-949] No candidate nets found for HD net replication
INFO: [Physopt 32-775] End 1 Pass. Optimized 0 net or cell. Created 0 new cell, deleted 0 existing cell and moved 0 existing cell
Netlist sorting complete. Time (s): cpu = 00:00:00 ; elapsed = 00:00:00.003 . Memory (MB): peak = 1211.203 ; gain = 0.000

Summary of Physical Synthesis Optimizations
============================================


----------------------------------------------------------------------------------------------------------------------------------------
|  Optimization                  |  Added Cells  |  Removed Cells  |  Optimized Cells/Nets  |  Dont Touch  |  Iterations  |  Elapsed   |
----------------------------------------------------------------------------------------------------------------------------------------
|  Very High Fanout              |            0  |              0  |                     0  |           0  |           1  |  00:00:00  |
|  DSP Register                  |            0  |              0  |                     0  |           0  |           0  |  00:00:00  |
|  Shift Register                |            0  |              0  |                     0  |           0  |           0  |  00:00:00  |
|  BRAM Register                 |            0  |              0  |                     0  |           0  |           0  |  00:00:00  |
|  HD Interface Net Replication  |            0  |              0  |                     0  |           0  |           1  |  00:00:00  |
|  Total                         |            0  |              0  |                     0  |           0  |           2  |  00:00:00  |
----------------------------------------------------------------------------------------------------------------------------------------


Phase 2.2 Physical Synthesis In Placer | Checksum: 135dbbfa8

Time (s): cpu = 00:00:07 ; elapsed = 00:00:30 . Memory (MB): peak = 1211.203 ; gain = 0.000
Phase 2 Global Placement | Checksum: 7c2ca1cc

Time (s): cpu = 00:00:08 ; elapsed = 00:00:31 . Memory (MB): peak = 1211.203 ; gain = 0.000

Phase 3 Detail Placement

Phase 3.1 Commit Multi Column Macros
Phase 3.1 Commit Multi Column Macros | Checksum: 7c2ca1cc

Time (s): cpu = 00:00:08 ; elapsed = 00:00:31 . Memory (MB): peak = 1211.203 ; gain = 0.000

Phase 3.2 Commit Most Macros & LUTRAMs
Phase 3.2 Commit Most Macros & LUTRAMs | Checksum: bb0970c1

Time (s): cpu = 00:00:08 ; elapsed = 00:00:31 . Memory (MB): peak = 1211.203 ; gain = 0.000

Phase 3.3 Area Swap Optimization
Phase 3.3 Area Swap Optimization | Checksum: 1da6c749

Time (s): cpu = 00:00:08 ; elapsed = 00:00:31 . Memory (MB): peak = 1211.203 ; gain = 0.000

Phase 3.4 Pipeline Register Optimization
Phase 3.4 Pipeline Register Optimization | Checksum: 5859156d

Time (s): cpu = 00:00:08 ; elapsed = 00:00:31 . Memory (MB): peak = 1211.203 ; gain = 0.000

Phase 3.5 Small Shape Detail Placement
Phase 3.5 Small Shape Detail Placement | Checksum: 4d447ed4

Time (s): cpu = 00:00:09 ; elapsed = 00:00:33 . Memory (MB): peak = 1211.203 ; gain = 0.000

Phase 3.6 Re-assign LUT pins
Phase 3.6 Re-assign LUT pins | Checksum: d4bec1b5

Time (s): cpu = 00:00:09 ; elapsed = 00:00:33 . Memory (MB): peak = 1211.203 ; gain = 0.000

Phase 3.7 Pipeline Register Optimization
Phase 3.7 Pipeline Register Optimization | Checksum: f79021d9

Time (s): cpu = 00:00:09 ; elapsed = 00:00:33 . Memory (MB): peak = 1211.203 ; gain = 0.000
Phase 3 Detail Placement | Checksum: f79021d9

Time (s): cpu = 00:00:09 ; elapsed = 00:00:33 . Memory (MB): peak = 1211.203 ; gain = 0.000

Phase 4 Post Placement Optimization and Clean-Up

Phase 4.1 Post Commit Optimization
INFO: [Timing 38-35] Done setting XDC timing constraints.

Phase 4.1.1 Post Placement Optimization
Post Placement Optimization Initialization | Checksum: 191d984db

Phase 4.1.1.1 BUFG Insertion
INFO: [Place 46-46] BUFG insertion identified 0 candidate nets, 0 success, 0 bufg driver replicated, 0 skipped for placement/routing, 0 skipped for timing, 0 skipped for netlist change reason
Phase 4.1.1.1 BUFG Insertion | Checksum: 191d984db

Time (s): cpu = 00:00:10 ; elapsed = 00:00:34 . Memory (MB): peak = 1211.203 ; gain = 0.000
INFO: [Place 30-746] Post Placement Timing Summary WNS=2.301. For the most accurate timing information please run report_timing.
Phase 4.1.1 Post Placement Optimization | Checksum: dc77556f

Time (s): cpu = 00:00:10 ; elapsed = 00:00:34 . Memory (MB): peak = 1211.203 ; gain = 0.000
Phase 4.1 Post Commit Optimization | Checksum: dc77556f

Time (s): cpu = 00:00:10 ; elapsed = 00:00:34 . Memory (MB): peak = 1211.203 ; gain = 0.000

Phase 4.2 Post Placement Cleanup
Phase 4.2 Post Placement Cleanup | Checksum: dc77556f

Time (s): cpu = 00:00:10 ; elapsed = 00:00:35 . Memory (MB): peak = 1211.203 ; gain = 0.000

Phase 4.3 Placer Reporting
Phase 4.3 Placer Reporting | Checksum: dc77556f

Time (s): cpu = 00:00:10 ; elapsed = 00:00:35 . Memory (MB): peak = 1211.203 ; gain = 0.000

Phase 4.4 Final Placement Cleanup
Netlist sorting complete. Time (s): cpu = 00:00:00 ; elapsed = 00:00:00.003 . Memory (MB): peak = 1211.203 ; gain = 0.000
Phase 4.4 Final Placement Cleanup | Checksum: 1c6a18b8e

Time (s): cpu = 00:00:10 ; elapsed = 00:00:35 . Memory (MB): peak = 1211.203 ; gain = 0.000
Phase 4 Post Placement Optimization and Clean-Up | Checksum: 1c6a18b8e

Time (s): cpu = 00:00:10 ; elapsed = 00:00:35 . Memory (MB): peak = 1211.203 ; gain = 0.000
Ending Placer Task | Checksum: 1b7f08848

Time (s): cpu = 00:00:10 ; elapsed = 00:00:35 . Memory (MB): peak = 1211.203 ; gain = 0.000
INFO: [Common 17-83] Releasing license: Implementation
58 Infos, 1 Warnings, 0 Critical Warnings and 0 Errors encountered.
place_design completed successfully
place_design: Time (s): cpu = 00:00:12 ; elapsed = 00:00:36 . Memory (MB): peak = 1211.203 ; gain = 0.000
Netlist sorting complete. Time (s): cpu = 00:00:00 ; elapsed = 00:00:00.001 . Memory (MB): peak = 1211.203 ; gain = 0.000
INFO: [Timing 38-480] Writing timing data to binary archive.
Writing placer database...
Writing XDEF routing.
Writing XDEF routing logical nets.
Writing XDEF routing special nets.
Write XDEF Complete: Time (s): cpu = 00:00:01 ; elapsed = 00:00:00.312 . Memory (MB): peak = 1211.203 ; gain = 0.000
Netlist sorting complete. Time (s): cpu = 00:00:00 ; elapsed = 00:00:00.001 . Memory (MB): peak = 1211.203 ; gain = 0.000
INFO: [Common 17-1381] The checkpoint 'C:/summer_school/SEA-master/Examples/FPGA/4.Module-Interface/Gyro-Interface/Gyro_Demo_Verilog/Gyro_Demo/Gyro_Demo.runs/impl_1/Gyro_Demo_placed.dcp' has been generated.
INFO: [runtcl-4] Executing : report_io -file Gyro_Demo_io_placed.rpt
report_io: Time (s): cpu = 00:00:01 ; elapsed = 00:00:00.545 . Memory (MB): peak = 1211.203 ; gain = 0.000
INFO: [runtcl-4] Executing : report_utilization -file Gyro_Demo_utilization_placed.rpt -pb Gyro_Demo_utilization_placed.pb
INFO: [runtcl-4] Executing : report_control_sets -verbose -file Gyro_Demo_control_sets_placed.rpt
report_control_sets: Time (s): cpu = 00:00:00 ; elapsed = 00:00:00.183 . Memory (MB): peak = 1211.203 ; gain = 0.000
Command: route_design
Attempting to get a license for feature 'Implementation' and/or device 'xc7s15'
INFO: [Common 17-349] Got license for feature 'Implementation' and/or device 'xc7s15'
Running DRC as a precondition to command route_design
INFO: [DRC 23-27] Running DRC with 2 threads
INFO: [Vivado_Tcl 4-198] DRC finished with 0 Errors
INFO: [Vivado_Tcl 4-199] Please refer to the DRC report (report_drc) for more information.


Starting Routing Task
INFO: [Route 35-254] Multithreading enabled for route_design using a maximum of 2 CPUs
Checksum: PlaceDB: bee59106 ConstDB: 0 ShapeSum: f90af742 RouteDB: 0

Phase 1 Build RT Design
Phase 1 Build RT Design | Checksum: e2af2089

Time (s): cpu = 00:00:17 ; elapsed = 00:00:24 . Memory (MB): peak = 1239.148 ; gain = 27.945
Post Restoration Checksum: NetGraph: 72efd5de NumContArr: 6fbf4aab Constraints: 0 Timing: 0

Phase 2 Router Initialization

Phase 2.1 Create Timer
Phase 2.1 Create Timer | Checksum: e2af2089

Time (s): cpu = 00:00:17 ; elapsed = 00:00:29 . Memory (MB): peak = 1271.430 ; gain = 60.227

Phase 2.2 Fix Topology Constraints
Phase 2.2 Fix Topology Constraints | Checksum: e2af2089

Time (s): cpu = 00:00:17 ; elapsed = 00:00:32 . Memory (MB): peak = 1277.461 ; gain = 66.258

Phase 2.3 Pre Route Cleanup
Phase 2.3 Pre Route Cleanup | Checksum: e2af2089

Time (s): cpu = 00:00:17 ; elapsed = 00:00:32 . Memory (MB): peak = 1277.461 ; gain = 66.258
 Number of Nodes with overlaps = 0

Phase 2.4 Update Timing
Phase 2.4 Update Timing | Checksum: 155f30789

Time (s): cpu = 00:00:18 ; elapsed = 00:00:36 . Memory (MB): peak = 1278.465 ; gain = 67.262
INFO: [Route 35-416] Intermediate Timing Summary | WNS=2.381  | TNS=0.000  | WHS=-0.374 | THS=-9.853 |

Phase 2 Router Initialization | Checksum: ea9160af

Time (s): cpu = 00:00:18 ; elapsed = 00:00:37 . Memory (MB): peak = 1278.465 ; gain = 67.262

Phase 3 Initial Routing
Phase 3 Initial Routing | Checksum: 184379116

Time (s): cpu = 00:00:19 ; elapsed = 00:00:39 . Memory (MB): peak = 1278.465 ; gain = 67.262

Phase 4 Rip-up And Reroute

Phase 4.1 Global Iteration 0
 Number of Nodes with overlaps = 52
 Number of Nodes with overlaps = 1
 Number of Nodes with overlaps = 0
INFO: [Route 35-416] Intermediate Timing Summary | WNS=2.092  | TNS=0.000  | WHS=N/A    | THS=N/A    |

Phase 4.1 Global Iteration 0 | Checksum: 1c058bc31

Time (s): cpu = 00:00:19 ; elapsed = 00:00:40 . Memory (MB): peak = 1278.465 ; gain = 67.262
Phase 4 Rip-up And Reroute | Checksum: 1c058bc31

Time (s): cpu = 00:00:19 ; elapsed = 00:00:40 . Memory (MB): peak = 1278.465 ; gain = 67.262

Phase 5 Delay and Skew Optimization

Phase 5.1 Delay CleanUp
Phase 5.1 Delay CleanUp | Checksum: 1c058bc31

Time (s): cpu = 00:00:19 ; elapsed = 00:00:40 . Memory (MB): peak = 1278.465 ; gain = 67.262

Phase 5.2 Clock Skew Optimization
Phase 5.2 Clock Skew Optimization | Checksum: 1c058bc31

Time (s): cpu = 00:00:19 ; elapsed = 00:00:40 . Memory (MB): peak = 1278.465 ; gain = 67.262
Phase 5 Delay and Skew Optimization | Checksum: 1c058bc31

Time (s): cpu = 00:00:19 ; elapsed = 00:00:40 . Memory (MB): peak = 1278.465 ; gain = 67.262

Phase 6 Post Hold Fix

Phase 6.1 Hold Fix Iter

Phase 6.1.1 Update Timing
Phase 6.1.1 Update Timing | Checksum: 20055cf1e

Time (s): cpu = 00:00:19 ; elapsed = 00:00:40 . Memory (MB): peak = 1278.465 ; gain = 67.262
INFO: [Route 35-416] Intermediate Timing Summary | WNS=2.100  | TNS=0.000  | WHS=0.086  | THS=0.000  |

Phase 6.1 Hold Fix Iter | Checksum: 20055cf1e

Time (s): cpu = 00:00:19 ; elapsed = 00:00:40 . Memory (MB): peak = 1278.465 ; gain = 67.262
Phase 6 Post Hold Fix | Checksum: 20055cf1e

Time (s): cpu = 00:00:19 ; elapsed = 00:00:40 . Memory (MB): peak = 1278.465 ; gain = 67.262

Phase 7 Route finalize

Router Utilization Summary
  Global Vertical Routing Utilization    = 0.428893 %
  Global Horizontal Routing Utilization  = 0.468487 %
  Routable Net Status*
  *Does not include unroutable nets such as driverless and loadless.
  Run report_route_status for detailed report.
  Number of Failed Nets               = 0
  Number of Unrouted Nets             = 0
  Number of Partially Routed Nets     = 0
  Number of Node Overlaps             = 0

Phase 7 Route finalize | Checksum: 20055cf1e

Time (s): cpu = 00:00:19 ; elapsed = 00:00:40 . Memory (MB): peak = 1278.465 ; gain = 67.262

Phase 8 Verifying routed nets

 Verification completed successfully
Phase 8 Verifying routed nets | Checksum: 20055cf1e

Time (s): cpu = 00:00:19 ; elapsed = 00:00:40 . Memory (MB): peak = 1279.668 ; gain = 68.465

Phase 9 Depositing Routes
Phase 9 Depositing Routes | Checksum: 18a48b5c9

Time (s): cpu = 00:00:20 ; elapsed = 00:00:41 . Memory (MB): peak = 1279.668 ; gain = 68.465

Phase 10 Post Router Timing
INFO: [Route 35-57] Estimated Timing Summary | WNS=2.100  | TNS=0.000  | WHS=0.086  | THS=0.000  |

INFO: [Route 35-327] The final timing numbers are based on the router estimated timing analysis. For a complete and accurate timing signoff, please run report_timing_summary.
Phase 10 Post Router Timing | Checksum: 18a48b5c9

Time (s): cpu = 00:00:20 ; elapsed = 00:00:41 . Memory (MB): peak = 1279.668 ; gain = 68.465
INFO: [Route 35-16] Router Completed Successfully

Time (s): cpu = 00:00:20 ; elapsed = 00:00:41 . Memory (MB): peak = 1279.668 ; gain = 68.465

Routing Is Done.
INFO: [Common 17-83] Releasing license: Implementation
75 Infos, 1 Warnings, 0 Critical Warnings and 0 Errors encountered.
route_design completed successfully
route_design: Time (s): cpu = 00:00:23 ; elapsed = 00:00:44 . Memory (MB): peak = 1279.668 ; gain = 68.465
Netlist sorting complete. Time (s): cpu = 00:00:00 ; elapsed = 00:00:00 . Memory (MB): peak = 1279.668 ; gain = 0.000
INFO: [Timing 38-480] Writing timing data to binary archive.
Writing placer database...
Writing XDEF routing.
Writing XDEF routing logical nets.
Writing XDEF routing special nets.
Write XDEF Complete: Time (s): cpu = 00:00:00 ; elapsed = 00:00:00.764 . Memory (MB): peak = 1282.180 ; gain = 2.512
Netlist sorting complete. Time (s): cpu = 00:00:00 ; elapsed = 00:00:00.006 . Memory (MB): peak = 1282.180 ; gain = 0.000
INFO: [Common 17-1381] The checkpoint 'C:/summer_school/SEA-master/Examples/FPGA/4.Module-Interface/Gyro-Interface/Gyro_Demo_Verilog/Gyro_Demo/Gyro_Demo.runs/impl_1/Gyro_Demo_routed.dcp' has been generated.
INFO: [runtcl-4] Executing : report_drc -file Gyro_Demo_drc_routed.rpt -pb Gyro_Demo_drc_routed.pb -rpx Gyro_Demo_drc_routed.rpx
Command: report_drc -file Gyro_Demo_drc_routed.rpt -pb Gyro_Demo_drc_routed.pb -rpx Gyro_Demo_drc_routed.rpx
INFO: [IP_Flow 19-1839] IP Catalog is up to date.
INFO: [DRC 23-27] Running DRC with 2 threads
INFO: [Coretcl 2-168] The results of DRC are in file C:/summer_school/SEA-master/Examples/FPGA/4.Module-Interface/Gyro-Interface/Gyro_Demo_Verilog/Gyro_Demo/Gyro_Demo.runs/impl_1/Gyro_Demo_drc_routed.rpt.
report_drc completed successfully
INFO: [runtcl-4] Executing : report_methodology -file Gyro_Demo_methodology_drc_routed.rpt -pb Gyro_Demo_methodology_drc_routed.pb -rpx Gyro_Demo_methodology_drc_routed.rpx
Command: report_methodology -file Gyro_Demo_methodology_drc_routed.rpt -pb Gyro_Demo_methodology_drc_routed.pb -rpx Gyro_Demo_methodology_drc_routed.rpx
INFO: [Timing 38-35] Done setting XDC timing constraints.
INFO: [DRC 23-133] Running Methodology with 2 threads
INFO: [Coretcl 2-1520] The results of Report Methodology are in file C:/summer_school/SEA-master/Examples/FPGA/4.Module-Interface/Gyro-Interface/Gyro_Demo_Verilog/Gyro_Demo/Gyro_Demo.runs/impl_1/Gyro_Demo_methodology_drc_routed.rpt.
report_methodology completed successfully
report_methodology: Time (s): cpu = 00:00:05 ; elapsed = 00:00:10 . Memory (MB): peak = 1289.813 ; gain = 2.609
INFO: [runtcl-4] Executing : report_power -file Gyro_Demo_power_routed.rpt -pb Gyro_Demo_power_summary_routed.pb -rpx Gyro_Demo_power_routed.rpx
Command: report_power -file Gyro_Demo_power_routed.rpt -pb Gyro_Demo_power_summary_routed.pb -rpx Gyro_Demo_power_routed.rpx
INFO: [Timing 38-35] Done setting XDC timing constraints.
Running Vector-less Activity Propagation...

Finished Running Vector-less Activity Propagation
87 Infos, 1 Warnings, 0 Critical Warnings and 0 Errors encountered.
report_power completed successfully
INFO: [runtcl-4] Executing : report_route_status -file Gyro_Demo_route_status.rpt -pb Gyro_Demo_route_status.pb
INFO: [runtcl-4] Executing : report_timing_summary -max_paths 10 -file Gyro_Demo_timing_summary_routed.rpt -pb Gyro_Demo_timing_summary_routed.pb -rpx Gyro_Demo_timing_summary_routed.rpx -warn_on_violation 
INFO: [Timing 38-91] UpdateTimingParams: Speed grade: -1, Delay Type: min_max.
INFO: [Timing 38-191] Multithreading enabled for timing update using a maximum of 2 CPUs
INFO: [runtcl-4] Executing : report_incremental_reuse -file Gyro_Demo_incremental_reuse_routed.rpt
INFO: [Vivado_Tcl 4-1062] Incremental flow is disabled. No incremental reuse Info to report.
INFO: [runtcl-4] Executing : report_clock_utilization -file Gyro_Demo_clock_utilization_routed.rpt
INFO: [runtcl-4] Executing : report_bus_skew -warn_on_violation -file Gyro_Demo_bus_skew_routed.rpt -pb Gyro_Demo_bus_skew_routed.pb -rpx Gyro_Demo_bus_skew_routed.rpx
INFO: [Timing 38-91] UpdateTimingParams: Speed grade: -1, Delay Type: min_max.
INFO: [Timing 38-191] Multithreading enabled for timing update using a maximum of 2 CPUs
INFO: [Common 17-206] Exiting Vivado at Wed Jul 29 16:45:51 2020...
