Copyright 1986-2018 Xilinx, Inc. All Rights Reserved.
------------------------------------------------------------------------------------------
| Tool Version : Vivado v.2018.3 (win64) Build 2405991 Thu Dec  6 23:38:27 MST 2018
| Date         : Mon Jul 27 19:28:39 2020
| Host         : DESKTOP-I313GSH running 64-bit major release  (build 9200)
| Command      : report_control_sets -verbose -file Lab_0_wrapper_control_sets_placed.rpt
| Design       : Lab_0_wrapper
| Device       : xc7s15
------------------------------------------------------------------------------------------

Control Set Information

Table of Contents
-----------------
1. Summary
2. Histogram
3. Flip-Flop Distribution
4. Detailed Control Set Information

1. Summary
----------

+----------------------------------------------------------+-------+
|                          Status                          | Count |
+----------------------------------------------------------+-------+
| Number of unique control sets                            |    96 |
| Unused register locations in slices containing registers |   318 |
+----------------------------------------------------------+-------+


2. Histogram
------------

+--------+--------------+
| Fanout | Control Sets |
+--------+--------------+
|      1 |            9 |
|      2 |            3 |
|      3 |            1 |
|      4 |           13 |
|      5 |            3 |
|      6 |            8 |
|      7 |            2 |
|      8 |           14 |
|     10 |           13 |
|     11 |            3 |
|    16+ |           27 |
+--------+--------------+


3. Flip-Flop Distribution
-------------------------

+--------------+-----------------------+------------------------+-----------------+--------------+
| Clock Enable | Synchronous Set/Reset | Asynchronous Set/Reset | Total Registers | Total Slices |
+--------------+-----------------------+------------------------+-----------------+--------------+
| No           | No                    | No                     |             247 |           95 |
| No           | No                    | Yes                    |              29 |            8 |
| No           | Yes                   | No                     |             359 |          143 |
| Yes          | No                    | No                     |             204 |           63 |
| Yes          | No                    | Yes                    |              15 |            8 |
| Yes          | Yes                   | No                     |             812 |          284 |
+--------------+-----------------------+------------------------+-----------------+--------------+


4. Detailed Control Set Information
-----------------------------------

+-------------------------------------------------------------+---------------------------------------------------------------------------------------------------------------------------------------------------------------------------------------------------------+---------------------------------------------------------------------------------------------------------------------------------------------+------------------+----------------+
|                         Clock Signal                        |                                                                                              Enable Signal                                                                                              |                                                               Set/Reset Signal                                                              | Slice Load Count | Bel Load Count |
+-------------------------------------------------------------+---------------------------------------------------------------------------------------------------------------------------------------------------------------------------------------------------------+---------------------------------------------------------------------------------------------------------------------------------------------+------------------+----------------+
| ~Lab_0_i/mdm_1/U0/No_Dbg_Reg_Access.BUFG_DRCK/Ext_JTAG_DRCK | Lab_0_i/mdm_1/U0/MDM_Core_I1/JTAG_CONTROL_I/Use_BSCAN.FDC_I/CE                                                                                                                                          | Lab_0_i/mdm_1/U0/MDM_Core_I1/JTAG_CONTROL_I/Use_BSCAN.FDC_I/D_1                                                                             |                1 |              1 |
|  Lab_0_i/mdm_1/U0/No_Dbg_Reg_Access.BUFG_DRCK/Ext_JTAG_DRCK | Lab_0_i/mdm_1/U0/Use_E2.BSCAN_I/Use_BSCAN.PORT_Selector_reg[0]                                                                                                                                          | Lab_0_i/mdm_1/U0/MDM_Core_I1/JTAG_CONTROL_I/sel_with_scan_reset19_out                                                                       |                1 |              1 |
| ~Lab_0_i/mdm_1/U0/Use_E2.BSCAN_I/Dbg_Update_0               |                                                                                                                                                                                                         | Lab_0_i/mdm_1/U0/MDM_Core_I1/JTAG_CONTROL_I/sel_n                                                                                           |                1 |              1 |
|  Lab_0_i/clk_wiz_0/inst/clk_out1                            | Lab_0_i/axi_iic_0/U0/X_IIC/REG_INTERFACE_I/p_3_in                                                                                                                                                       | Lab_0_i/axi_iic_0/U0/X_IIC/REG_INTERFACE_I/Tx_fifo_rst                                                                                      |                1 |              1 |
|  Lab_0_i/clk_wiz_0/inst/clk_out1                            |                                                                                                                                                                                                         | Lab_0_i/microblaze_0/U0/MicroBlaze_Core_I/Performance.Core/Use_Debug_Logic.Master_Core.Debug_Perf/capture_1                                 |                1 |              1 |
|  Lab_0_i/mdm_1/U0/Use_E2.BSCAN_I/Dbg_Update_0               | Lab_0_i/microblaze_0/U0/MicroBlaze_Core_I/Performance.Core/Use_Debug_Logic.Master_Core.Debug_Perf/Control_Reg_En                                                                                        | Lab_0_i/microblaze_0/U0/MicroBlaze_Core_I/Performance.Core/Use_Debug_Logic.Master_Core.Debug_Perf/Serial_Dbg_Intf.force_stop_cmd_i_reg_0    |                1 |              1 |
|  Lab_0_i/mdm_1/U0/Use_E2.BSCAN_I/Dbg_Update_0               | Lab_0_i/microblaze_0/U0/MicroBlaze_Core_I/Performance.Core/Use_Debug_Logic.Master_Core.Debug_Perf/Control_Reg_En                                                                                        | Lab_0_i/microblaze_0/U0/MicroBlaze_Core_I/Performance.Core/Use_Debug_Logic.Master_Core.Debug_Perf/Serial_Dbg_Intf.continue_from_brk_reg_n_0 |                1 |              1 |
|  Lab_0_i/mdm_1/U0/Use_E2.BSCAN_I/Dbg_Update_0               | Lab_0_i/microblaze_0/U0/MicroBlaze_Core_I/Performance.Core/Use_Debug_Logic.Master_Core.Debug_Perf/Control_Reg_En                                                                                        | Lab_0_i/microblaze_0/U0/MicroBlaze_Core_I/Performance.Core/Use_Debug_Logic.Master_Core.Debug_Perf/Serial_Dbg_Intf.normal_stop_cmd_i_reg_n_0 |                1 |              1 |
|  Lab_0_i/mdm_1/U0/Use_E2.BSCAN_I/Dbg_Update_0               | Lab_0_i/microblaze_0/U0/MicroBlaze_Core_I/Performance.Core/Use_Debug_Logic.Master_Core.Debug_Perf/Control_Reg_En                                                                                        | Lab_0_i/microblaze_0/U0/MicroBlaze_Core_I/Performance.Core/Use_Debug_Logic.Master_Core.Debug_Perf/start_single_step_reg_n_0                 |                1 |              1 |
|  Lab_0_i/clk_wiz_0/inst/clk_out1                            | Lab_0_i/axi_iic_0/U0/X_IIC/WRITE_FIFO_CTRL_I/CI                                                                                                                                                         |                                                                                                                                             |                1 |              2 |
|  Lab_0_i/mdm_1/U0/Use_E2.BSCAN_I/Dbg_Update_0               | Lab_0_i/microblaze_0/U0/MicroBlaze_Core_I/Performance.Core/Use_Debug_Logic.Master_Core.Debug_Perf/Command_Reg_En                                                                                        | Lab_0_i/microblaze_0/U0/MicroBlaze_Core_I/Performance.Core/Use_Debug_Logic.Master_Core.Debug_Perf/command_reg_clear                         |                1 |              2 |
|  Lab_0_i/clk_wiz_0/inst/clk_out1                            | Lab_0_i/microblaze_0/U0/MicroBlaze_Core_I/Performance.Core/Decode_I/Use_MuxCy[11].OF_Piperun_Stage/MUXCY_I/of_pause_reg                                                                                 |                                                                                                                                             |                1 |              2 |
|  Lab_0_i/mdm_1/U0/Use_E2.BSCAN_I/Dbg_Update_0               |                                                                                                                                                                                                         |                                                                                                                                             |                2 |              3 |
|  Lab_0_i/clk_wiz_0/inst/clk_out1                            | Lab_0_i/axi_uartlite_0/U0/AXI_LITE_IPIF_I/I_SLAVE_ATTACHMENT/start2                                                                                                                                     | Lab_0_i/axi_uartlite_0/U0/AXI_LITE_IPIF_I/I_SLAVE_ATTACHMENT/I_DECODER/cs_ce_clr                                                            |                1 |              4 |
|  Lab_0_i/mdm_1/U0/No_Dbg_Reg_Access.BUFG_DRCK/Ext_JTAG_DRCK | Lab_0_i/mdm_1/U0/MDM_Core_I1/p_3_out                                                                                                                                                                    | Lab_0_i/mdm_1/U0/Use_E2.BSCAN_I/AR[0]                                                                                                       |                1 |              4 |
|  Lab_0_i/clk_wiz_0/inst/clk_out1                            | Lab_0_i/axi_iic_0/U0/X_IIC/WRITE_FIFO_CTRL_I/Data_Exists_DFF_0                                                                                                                                          | Lab_0_i/axi_iic_0/U0/X_IIC/REG_INTERFACE_I/Tx_fifo_rst                                                                                      |                1 |              4 |
|  Lab_0_i/clk_wiz_0/inst/clk_out1                            | Lab_0_i/axi_iic_0/U0/X_IIC/X_AXI_IPIF_SSP1/AXI_LITE_IPIF_I/I_SLAVE_ATTACHMENT/I_DECODER/Bus2IIC_WrCE[8]                                                                                                 | Lab_0_i/axi_iic_0/U0/X_IIC/X_AXI_IPIF_SSP1/X_SOFT_RESET/SR[0]                                                                               |                1 |              4 |
|  Lab_0_i/clk_wiz_0/inst/clk_out1                            | Lab_0_i/axi_iic_0/U0/X_IIC/IIC_CONTROL_I/BITCNT/q_int[0]_i_1__0_n_0                                                                                                                                     | Lab_0_i/axi_iic_0/U0/X_IIC/REG_INTERFACE_I/cr_i_reg[7]_0                                                                                    |                1 |              4 |
|  Lab_0_i/clk_wiz_0/inst/clk_out1                            |                                                                                                                                                                                                         | Lab_0_i/axi_iic_0/U0/X_IIC/X_AXI_IPIF_SSP1/AXI_LITE_IPIF_I/I_SLAVE_ATTACHMENT/INCLUDE_DPHASE_TIMER.dpto_cnt[3]_i_1_n_0                      |                1 |              4 |
|  Lab_0_i/mdm_1/U0/Use_E2.BSCAN_I/Dbg_Update_0               | Lab_0_i/mdm_1/U0/MDM_Core_I1/MDM_SEL                                                                                                                                                                    | Lab_0_i/mdm_1/U0/Use_E2.BSCAN_I/AR[0]                                                                                                       |                1 |              4 |
|  Lab_0_i/clk_wiz_0/inst/clk_out1                            | Lab_0_i/axi_iic_0/U0/X_IIC/WRITE_FIFO_I/Tx_data_exists                                                                                                                                                  | Lab_0_i/axi_iic_0/U0/X_IIC/REG_INTERFACE_I/Tx_fifo_rst                                                                                      |                1 |              4 |
|  Lab_0_i/mdm_1/U0/Use_E2.BSCAN_I/Dbg_Update_0               | Lab_0_i/microblaze_0/U0/MicroBlaze_Core_I/Performance.Core/Use_Debug_Logic.Master_Core.Debug_Perf/Control_Reg_En                                                                                        |                                                                                                                                             |                3 |              4 |
| ~Lab_0_i/mdm_1/U0/Use_E2.BSCAN_I/Dbg_Update_0               |                                                                                                                                                                                                         | Lab_0_i/mdm_1/U0/Use_E2.BSCAN_I/AR[0]                                                                                                       |                1 |              4 |
|  Lab_0_i/clk_wiz_0/inst/clk_out1                            | Lab_0_i/axi_iic_0/U0/X_IIC/IIC_CONTROL_I/FSM_sequential_scl_state[3]_i_2_n_0                                                                                                                            | Lab_0_i/axi_iic_0/U0/X_IIC/REG_INTERFACE_I/cr_i_reg[7]_0                                                                                    |                3 |              4 |
|  Lab_0_i/clk_wiz_0/inst/clk_out1                            | Lab_0_i/axi_iic_0/U0/X_IIC/READ_FIFO_I/Rc_Data_Exists                                                                                                                                                   | Lab_0_i/axi_iic_0/U0/X_IIC/X_AXI_IPIF_SSP1/X_SOFT_RESET/SR[0]                                                                               |                1 |              4 |
|  Lab_0_i/clk_wiz_0/inst/clk_out1                            | Lab_0_i/axi_uartlite_0/U0/UARTLITE_CORE_I/BAUD_RATE_I/p_2_out[0]                                                                                                                                        |                                                                                                                                             |                1 |              4 |
|  Lab_0_i/clk_wiz_0/inst/clk_out1                            | Lab_0_i/axi_iic_0/U0/X_IIC/X_AXI_IPIF_SSP1/AXI_LITE_IPIF_I/I_SLAVE_ATTACHMENT/I_DECODER/Bus2IIC_WrCE[11]                                                                                                | Lab_0_i/axi_iic_0/U0/X_IIC/X_AXI_IPIF_SSP1/X_SOFT_RESET/SR[0]                                                                               |                1 |              5 |
|  Lab_0_i/clk_wiz_0/inst/clk_out1                            |                                                                                                                                                                                                         | Lab_0_i/rst_clk_wiz_0_100M/U0/EXT_LPF/lpf_int                                                                                               |                3 |              5 |
|  Lab_0_i/clk_wiz_0/inst/clk_out1                            | Lab_0_i/microblaze_0/U0/MicroBlaze_Core_I/Performance.Core/Decode_I/wb_Halted                                                                                                                           | Lab_0_i/microblaze_0/U0/MicroBlaze_Core_I/sync_reset                                                                                        |                3 |              5 |
|  Lab_0_i/clk_wiz_0/inst/clk_out1                            |                                                                                                                                                                                                         | Lab_0_i/axi_uartlite_0/U0/UARTLITE_CORE_I/UARTLITE_TX_I/SRL_FIFO_I/I_SRL_FIFO_RBU_F/CNTR_INCR_DECR_ADDN_F_I/SS[0]                           |                2 |              6 |
|  Lab_0_i/mdm_1/U0/No_Dbg_Reg_Access.BUFG_DRCK/Ext_JTAG_DRCK | Lab_0_i/mdm_1/U0/Use_E2.BSCAN_I/E[0]                                                                                                                                                                    |                                                                                                                                             |                1 |              6 |
|  Lab_0_i/clk_wiz_0/inst/clk_out1                            | Lab_0_i/rst_clk_wiz_0_100M/U0/SEQ/seq_cnt_en                                                                                                                                                            | Lab_0_i/rst_clk_wiz_0_100M/U0/SEQ/SEQ_COUNTER/clear                                                                                         |                2 |              6 |
|  Lab_0_i/mdm_1/U0/No_Dbg_Reg_Access.BUFG_DRCK/Ext_JTAG_DRCK | Lab_0_i/mdm_1/U0/Use_E2.BSCAN_I/Use_BSCAN.command_reg[5][0]                                                                                                                                             |                                                                                                                                             |                3 |              6 |
|  Lab_0_i/mdm_1/U0/No_Dbg_Reg_Access.BUFG_DRCK/Ext_JTAG_DRCK | Lab_0_i/mdm_1/U0/MDM_Core_I1/JTAG_CONTROL_I/Use_BSCAN.FDC_I/Use_BSCAN.command_reg[5][0]                                                                                                                 |                                                                                                                                             |                1 |              6 |
|  Lab_0_i/clk_wiz_0/inst/clk_out1                            |                                                                                                                                                                                                         | Lab_0_i/axi_iic_0/U0/X_IIC/X_AXI_IPIF_SSP1/X_SOFT_RESET/AXI_Bus2IP_Reset                                                                    |                1 |              6 |
|  Lab_0_i/clk_wiz_0/inst/clk_out1                            |                                                                                                                                                                                                         | Lab_0_i/axi_iic_0/U0/X_IIC/REG_INTERFACE_I/Tx_fifo_rst                                                                                      |                2 |              6 |
|  Lab_0_i/clk_wiz_0/inst/clk_out1                            |                                                                                                                                                                                                         | Lab_0_i/axi_uartlite_0/U0/UARTLITE_CORE_I/UARTLITE_RX_I/SRL_FIFO_I/I_SRL_FIFO_RBU_F/CNTR_INCR_DECR_ADDN_F_I/SS[0]                           |                2 |              6 |
|  Lab_0_i/clk_wiz_0/inst/clk_out1                            | Lab_0_i/axi_iic_0/U0/X_IIC/X_AXI_IPIF_SSP1/AXI_LITE_IPIF_I/I_SLAVE_ATTACHMENT/I_DECODER/Bus2IIC_WrCE[9]                                                                                                 | Lab_0_i/axi_iic_0/U0/X_IIC/X_AXI_IPIF_SSP1/X_SOFT_RESET/SR[0]                                                                               |                2 |              7 |
|  Lab_0_i/clk_wiz_0/inst/clk_out1                            | Lab_0_i/axi_uartlite_0/U0/UARTLITE_CORE_I/BAUD_RATE_I/p_2_out[0]                                                                                                                                        | Lab_0_i/axi_uartlite_0/U0/UARTLITE_CORE_I/UARTLITE_RX_I/SERIAL_TO_PARALLEL[8].fifo_din[8]_i_1_n_0                                           |                2 |              7 |
|  Lab_0_i/mdm_1/U0/No_Dbg_Reg_Access.BUFG_DRCK/Ext_JTAG_DRCK | Lab_0_i/mdm_1/U0/MDM_Core_I1/JTAG_CONTROL_I/tdi_shifter0                                                                                                                                                |                                                                                                                                             |                3 |              8 |
|  Lab_0_i/clk_wiz_0/inst/clk_out1                            | Lab_0_i/axi_uartlite_0/U0/AXI_LITE_IPIF_I/I_SLAVE_ATTACHMENT/I_DECODER/fifo_wr                                                                                                                          |                                                                                                                                             |                1 |              8 |
| ~Lab_0_i/mdm_1/U0/Use_E2.BSCAN_I/Dbg_Update_0               | Lab_0_i/mdm_1/U0/MDM_Core_I1/JTAG_CONTROL_I/Use_BSCAN.command[0]_i_1_n_0                                                                                                                                |                                                                                                                                             |                3 |              8 |
|  Lab_0_i/clk_wiz_0/inst/clk_out1                            | Lab_0_i/axi_iic_0/U0/X_IIC/WRITE_FIFO_I/CI                                                                                                                                                              |                                                                                                                                             |                1 |              8 |
|  Lab_0_i/clk_wiz_0/inst/clk_out1                            | Lab_0_i/axi_iic_0/U0/X_IIC/DYN_MASTER_I/rdByteCntr[0]_i_1_n_0                                                                                                                                           | Lab_0_i/axi_iic_0/U0/X_IIC/REG_INTERFACE_I/Tx_fifo_rst                                                                                      |                3 |              8 |
|  Lab_0_i/clk_wiz_0/inst/clk_out1                            | Lab_0_i/axi_iic_0/U0/X_IIC/IIC_CONTROL_I/data_i2c_i0                                                                                                                                                    | Lab_0_i/axi_iic_0/U0/X_IIC/REG_INTERFACE_I/cr_i_reg[7]_0                                                                                    |                1 |              8 |
|  Lab_0_i/clk_wiz_0/inst/clk_out1                            | Lab_0_i/axi_iic_0/U0/X_IIC/IIC_CONTROL_I/i2c_header_en                                                                                                                                                  | Lab_0_i/axi_iic_0/U0/X_IIC/REG_INTERFACE_I/cr_i_reg[7]_0                                                                                    |                2 |              8 |
|  Lab_0_i/clk_wiz_0/inst/clk_out1                            | Lab_0_i/axi_iic_0/U0/X_IIC/READ_FIFO_I/CI                                                                                                                                                               |                                                                                                                                             |                1 |              8 |
|  Lab_0_i/clk_wiz_0/inst/clk_out1                            | Lab_0_i/axi_iic_0/U0/X_IIC/IIC_CONTROL_I/I2CDATA_REG/data_int[7]_i_1_n_0                                                                                                                                | Lab_0_i/axi_iic_0/U0/X_IIC/REG_INTERFACE_I/cr_i_reg[7]_0                                                                                    |                2 |              8 |
|  Lab_0_i/clk_wiz_0/inst/clk_out1                            | Lab_0_i/axi_iic_0/U0/X_IIC/X_AXI_IPIF_SSP1/AXI_LITE_IPIF_I/I_SLAVE_ATTACHMENT/I_DECODER/E[0]                                                                                                            | Lab_0_i/axi_iic_0/U0/X_IIC/X_AXI_IPIF_SSP1/X_SOFT_RESET/SR[0]                                                                               |                2 |              8 |
|  Lab_0_i/clk_wiz_0/inst/clk_out1                            | Lab_0_i/axi_uartlite_0/U0/UARTLITE_CORE_I/UARTLITE_RX_I/SRL_FIFO_I/I_SRL_FIFO_RBU_F/DYNSHREG_F_I/fifo_wr                                                                                                |                                                                                                                                             |                1 |              8 |
|  Lab_0_i/mdm_1/U0/Use_E2.BSCAN_I/Dbg_Update_0               | Lab_0_i/mdm_1/U0/MDM_Core_I1/JTAG_CONTROL_I/Use_BSCAN.FDC_I/Use_BSCAN.PORT_Selector_reg[2][0]                                                                                                           |                                                                                                                                             |                1 |              8 |
|  Lab_0_i/mdm_1/U0/No_Dbg_Reg_Access.BUFG_DRCK/Ext_JTAG_DRCK | Lab_0_i/microblaze_0/U0/MicroBlaze_Core_I/Performance.Core/Use_Debug_Logic.Master_Core.Debug_Perf/Using_PC_Breakpoints.All_PC_Brks[0].Serial_Interface_1.address_hit_I/Compare[0].SRLC16E_I/which_pc__0 |                                                                                                                                             |                7 |              8 |
|  Lab_0_i/clk_wiz_0/inst/clk_out1                            | Lab_0_i/axi_uartlite_0/U0/AXI_LITE_IPIF_I/I_SLAVE_ATTACHMENT/s_axi_rresp_i                                                                                                                              | Lab_0_i/axi_uartlite_0/U0/AXI_LITE_IPIF_I/I_SLAVE_ATTACHMENT/rst                                                                            |                4 |              8 |
|  Lab_0_i/clk_wiz_0/inst/clk_out1                            | Lab_0_i/axi_iic_0/U0/X_IIC/X_AXI_IPIF_SSP1/AXI_LITE_IPIF_I/I_SLAVE_ATTACHMENT/I_DECODER/Bus2IIC_WrCE[1]                                                                                                 | Lab_0_i/axi_iic_0/U0/X_IIC/X_AXI_IPIF_SSP1/X_SOFT_RESET/SR[0]                                                                               |                4 |             10 |
|  Lab_0_i/clk_wiz_0/inst/clk_out1                            | Lab_0_i/axi_iic_0/U0/X_IIC/X_AXI_IPIF_SSP1/AXI_LITE_IPIF_I/I_SLAVE_ATTACHMENT/I_DECODER/Bus2IIC_WrCE[2]                                                                                                 | Lab_0_i/axi_iic_0/U0/X_IIC/X_AXI_IPIF_SSP1/X_SOFT_RESET/SR[0]                                                                               |                5 |             10 |
|  Lab_0_i/clk_wiz_0/inst/clk_out1                            | Lab_0_i/axi_iic_0/U0/X_IIC/X_AXI_IPIF_SSP1/AXI_LITE_IPIF_I/I_SLAVE_ATTACHMENT/I_DECODER/Bus2IIC_WrCE[4]                                                                                                 | Lab_0_i/axi_iic_0/U0/X_IIC/X_AXI_IPIF_SSP1/X_SOFT_RESET/SR[0]                                                                               |                3 |             10 |
|  Lab_0_i/clk_wiz_0/inst/clk_out1                            | Lab_0_i/axi_iic_0/U0/X_IIC/X_AXI_IPIF_SSP1/AXI_LITE_IPIF_I/I_SLAVE_ATTACHMENT/I_DECODER/Bus2IIC_WrCE[7]                                                                                                 | Lab_0_i/axi_iic_0/U0/X_IIC/X_AXI_IPIF_SSP1/X_SOFT_RESET/SR[0]                                                                               |                4 |             10 |
|  Lab_0_i/clk_wiz_0/inst/clk_out1                            | Lab_0_i/axi_iic_0/U0/X_IIC/X_AXI_IPIF_SSP1/AXI_LITE_IPIF_I/I_SLAVE_ATTACHMENT/I_DECODER/Bus2IIC_WrCE[3]                                                                                                 | Lab_0_i/axi_iic_0/U0/X_IIC/X_AXI_IPIF_SSP1/X_SOFT_RESET/SR[0]                                                                               |                3 |             10 |
|  Lab_0_i/clk_wiz_0/inst/clk_out1                            | Lab_0_i/axi_iic_0/U0/X_IIC/X_AXI_IPIF_SSP1/AXI_LITE_IPIF_I/I_SLAVE_ATTACHMENT/bus2ip_addr_i[8]_i_1_n_0                                                                                                  | Lab_0_i/axi_iic_0/U0/X_IIC/X_AXI_IPIF_SSP1/AXI_LITE_IPIF_I/I_SLAVE_ATTACHMENT/rst                                                           |                3 |             10 |
|  Lab_0_i/mdm_1/U0/No_Dbg_Reg_Access.BUFG_DRCK/Ext_JTAG_DRCK | Lab_0_i/mdm_1/U0/MDM_Core_I1/JTAG_CONTROL_I/Use_BSCAN.FDC_I/E[0]                                                                                                                                        |                                                                                                                                             |                4 |             10 |
|  Lab_0_i/clk_wiz_0/inst/clk_out1                            |                                                                                                                                                                                                         | Lab_0_i/axi_uartlite_0/U0/AXI_LITE_IPIF_I/I_SLAVE_ATTACHMENT/rst                                                                            |                4 |             10 |
|  Lab_0_i/clk_wiz_0/inst/clk_out1                            | Lab_0_i/axi_iic_0/U0/X_IIC/X_AXI_IPIF_SSP1/AXI_LITE_IPIF_I/I_SLAVE_ATTACHMENT/I_DECODER/Bus2IIC_WrCE[0]                                                                                                 | Lab_0_i/axi_iic_0/U0/X_IIC/X_AXI_IPIF_SSP1/X_SOFT_RESET/SR[0]                                                                               |                3 |             10 |
|  Lab_0_i/clk_wiz_0/inst/clk_out1                            | Lab_0_i/axi_iic_0/U0/X_IIC/IIC_CONTROL_I/CLKCNT/q_int[0]_i_1__1_n_0                                                                                                                                     | Lab_0_i/axi_iic_0/U0/X_IIC/REG_INTERFACE_I/cr_i_reg[7]_0                                                                                    |                5 |             10 |
|  Lab_0_i/clk_wiz_0/inst/clk_out1                            | Lab_0_i/axi_iic_0/U0/X_IIC/IIC_CONTROL_I/SETUP_CNT/q_int[0]_i_1_n_0                                                                                                                                     | Lab_0_i/axi_iic_0/U0/X_IIC/REG_INTERFACE_I/cr_i_reg[7]_0                                                                                    |                2 |             10 |
|  Lab_0_i/clk_wiz_0/inst/clk_out1                            | Lab_0_i/axi_iic_0/U0/X_IIC/X_AXI_IPIF_SSP1/AXI_LITE_IPIF_I/I_SLAVE_ATTACHMENT/I_DECODER/Bus2IIC_WrCE[5]                                                                                                 | Lab_0_i/axi_iic_0/U0/X_IIC/X_AXI_IPIF_SSP1/X_SOFT_RESET/SR[0]                                                                               |                3 |             10 |
|  Lab_0_i/clk_wiz_0/inst/clk_out1                            | Lab_0_i/axi_iic_0/U0/X_IIC/X_AXI_IPIF_SSP1/AXI_LITE_IPIF_I/I_SLAVE_ATTACHMENT/I_DECODER/Bus2IIC_WrCE[6]                                                                                                 | Lab_0_i/axi_iic_0/U0/X_IIC/X_AXI_IPIF_SSP1/X_SOFT_RESET/SR[0]                                                                               |                3 |             10 |
|  Lab_0_i/clk_wiz_0/inst/clk_out1                            |                                                                                                                                                                                                         | Lab_0_i/microblaze_0_axi_periph/xbar/inst/gen_sasd.crossbar_sasd_0/addr_arbiter_inst/SR[0]                                                  |                6 |             11 |
|  Lab_0_i/clk_wiz_0/inst/clk_out1                            | Lab_0_i/axi_iic_0/U0/X_IIC/X_AXI_IPIF_SSP1/AXI_LITE_IPIF_I/I_SLAVE_ATTACHMENT/s_axi_rresp_i                                                                                                             | Lab_0_i/axi_iic_0/U0/X_IIC/X_AXI_IPIF_SSP1/AXI_LITE_IPIF_I/I_SLAVE_ATTACHMENT/rst                                                           |                5 |             11 |
|  Lab_0_i/clk_wiz_0/inst/clk_out1                            |                                                                                                                                                                                                         | Lab_0_i/axi_iic_0/U0/X_IIC/X_AXI_IPIF_SSP1/AXI_LITE_IPIF_I/I_SLAVE_ATTACHMENT/rst                                                           |                5 |             11 |
|  Lab_0_i/clk_wiz_0/inst/clk_out1                            | Lab_0_i/microblaze_0/U0/MicroBlaze_Core_I/Performance.Core/Decode_I/PreFetch_Buffer_I1/Instruction_Prefetch_Mux[4].Gen_Instr_DFF/Using_FPGA.Native_2[0]                                                 | Lab_0_i/microblaze_0/U0/MicroBlaze_Core_I/sync_reset                                                                                        |                8 |             16 |
|  Lab_0_i/clk_wiz_0/inst/clk_out1                            | Lab_0_i/microblaze_0/U0/MicroBlaze_Core_I/Performance.Core/Decode_I/mem_wait_on_ready_N_carry_or/MUXCY_I/lopt_1                                                                                         | Lab_0_i/microblaze_0/U0/MicroBlaze_Core_I/sync_reset                                                                                        |                8 |             20 |
|  Lab_0_i/mdm_1/U0/No_Dbg_Reg_Access.BUFG_DRCK/Ext_JTAG_DRCK |                                                                                                                                                                                                         | Lab_0_i/mdm_1/U0/Use_E2.BSCAN_I/shift_n_reset1_out                                                                                          |                5 |             23 |
|  Lab_0_i/clk_wiz_0/inst/clk_out1                            | Lab_0_i/axi_iic_0/U0/X_IIC/X_AXI_IPIF_SSP1/AXI_LITE_IPIF_I/I_SLAVE_ATTACHMENT/start2                                                                                                                    | Lab_0_i/axi_iic_0/U0/X_IIC/X_AXI_IPIF_SSP1/AXI_LITE_IPIF_I/I_SLAVE_ATTACHMENT/I_DECODER/cs_ce_clr                                           |                7 |             24 |
|  Lab_0_i/clk_wiz_0/inst/clk_out1                            | Lab_0_i/microblaze_0_axi_periph/xbar/inst/gen_sasd.crossbar_sasd_0/addr_arbiter_inst/p_0_in1_in                                                                                                         | Lab_0_i/microblaze_0_axi_periph/xbar/inst/gen_sasd.crossbar_sasd_0/addr_arbiter_inst/SR[0]                                                  |                6 |             25 |
|  Lab_0_i/clk_wiz_0/inst/clk_out1                            | Lab_0_i/axi_uartlite_0/U0/UARTLITE_CORE_I/BAUD_RATE_I/p_2_out[0]                                                                                                                                        | Lab_0_i/axi_uartlite_0/U0/UARTLITE_CORE_I/UARTLITE_RX_I/s_axi_aresetn_0                                                                     |                6 |             28 |
|  Lab_0_i/clk_wiz_0/inst/clk_out1                            |                                                                                                                                                                                                         | Lab_0_i/axi_uartlite_0/U0/UARTLITE_CORE_I/UARTLITE_RX_I/s_axi_aresetn_0                                                                     |               11 |             30 |
|  Lab_0_i/mdm_1/U0/No_Dbg_Reg_Access.BUFG_DRCK/Ext_JTAG_DRCK | Lab_0_i/microblaze_0/U0/MicroBlaze_Core_I/Performance.Core/Use_Debug_Logic.Master_Core.Debug_Perf/New_Dbg_Instr_TCK                                                                                     |                                                                                                                                             |                9 |             32 |
|  Lab_0_i/clk_wiz_0/inst/clk_out1                            |                                                                                                                                                                                                         | Lab_0_i/microblaze_0/U0/MicroBlaze_Core_I/Performance.Core/p_1_out                                                                          |                9 |             32 |
|  Lab_0_i/clk_wiz_0/inst/clk_out1                            | Lab_0_i/microblaze_0/U0/MicroBlaze_Core_I/Performance.Core/Decode_I/Use_MuxCy[3].OF_Piperun_Stage/MUXCY_I/Using_FPGA.Native_0                                                                           | Lab_0_i/microblaze_0/U0/MicroBlaze_Core_I/Performance.Core/Decode_I/R                                                                       |               15 |             32 |
|  Lab_0_i/clk_wiz_0/inst/clk_out1                            | Lab_0_i/microblaze_0/U0/MicroBlaze_Core_I/Performance.Core/Decode_I/Use_MuxCy[3].OF_Piperun_Stage/MUXCY_I/wb_exception_kind_i_reg[28][0]                                                                | Lab_0_i/microblaze_0/U0/MicroBlaze_Core_I/sync_reset                                                                                        |                9 |             32 |
|  Lab_0_i/clk_wiz_0/inst/clk_out1                            | Lab_0_i/microblaze_0/U0/MicroBlaze_Core_I/Performance.Core/Decode_I/PreFetch_Buffer_I1/Gen_Mux_Select_LUT6[2].Gen_Sel_DFF/Using_FPGA.Native_0[0]                                                        | Lab_0_i/microblaze_0/U0/MicroBlaze_Core_I/sync_reset                                                                                        |                9 |             32 |
|  Lab_0_i/clk_wiz_0/inst/clk_out1                            | Lab_0_i/microblaze_0/U0/MicroBlaze_Core_I/Performance.Core/Decode_I/mem_wait_on_ready_N_carry_or/MUXCY_I/lopt_1                                                                                         |                                                                                                                                             |                7 |             32 |
|  Lab_0_i/clk_wiz_0/inst/clk_out1                            | Lab_0_i/microblaze_0/U0/MicroBlaze_Core_I/Performance.Core/Decode_I/mem_wait_on_ready_N_carry_or/MUXCY_I/lopt_1                                                                                         | Lab_0_i/microblaze_0/U0/MicroBlaze_Core_I/Performance.Core/Decode_I/SR[0]                                                                   |               11 |             32 |
|  Lab_0_i/clk_wiz_0/inst/clk_out1                            | Lab_0_i/microblaze_0/U0/MicroBlaze_Core_I/Performance.Core/Use_Debug_Logic.Master_Core.Debug_Perf/data_rd_reg[0]_i_1_n_0                                                                                | Lab_0_i/microblaze_0/U0/MicroBlaze_Core_I/sync_reset                                                                                        |               14 |             32 |
|  Lab_0_i/clk_wiz_0/inst/clk_out1                            | Lab_0_i/microblaze_0_axi_periph/xbar/inst/gen_sasd.crossbar_sasd_0/addr_arbiter_inst/s_axi_rvalid[0]                                                                                                    | Lab_0_i/microblaze_0/U0/MicroBlaze_Core_I/sync_reset                                                                                        |               15 |             32 |
|  Lab_0_i/clk_wiz_0/inst/clk_out1                            | Lab_0_i/microblaze_0_axi_periph/xbar/inst/gen_sasd.crossbar_sasd_0/addr_arbiter_inst/E[0]                                                                                                               |                                                                                                                                             |               12 |             33 |
|  Lab_0_i/clk_wiz_0/inst/clk_out1                            |                                                                                                                                                                                                         | Lab_0_i/axi_iic_0/U0/X_IIC/REG_INTERFACE_I/cr_i_reg[7]_0                                                                                    |               14 |             41 |
|  Lab_0_i/clk_wiz_0/inst/clk_out1                            |                                                                                                                                                                                                         | Lab_0_i/axi_iic_0/U0/X_IIC/X_AXI_IPIF_SSP1/X_SOFT_RESET/SR[0]                                                                               |               11 |             42 |
|  Lab_0_i/mdm_1/U0/No_Dbg_Reg_Access.BUFG_DRCK/Ext_JTAG_DRCK | Lab_0_i/mdm_1/U0/Use_E2.BSCAN_I/Use_BSCAN.PORT_Selector_reg[0]                                                                                                                                          |                                                                                                                                             |               14 |             47 |
|  Lab_0_i/clk_wiz_0/inst/clk_out1                            | Lab_0_i/microblaze_0/U0/MicroBlaze_Core_I/Performance.Core/Decode_I/Use_MuxCy[3].OF_Piperun_Stage/MUXCY_I/Using_FPGA.Native_0                                                                           | Lab_0_i/microblaze_0/U0/MicroBlaze_Core_I/sync_reset                                                                                        |               22 |             60 |
|  Lab_0_i/clk_wiz_0/inst/clk_out1                            | Lab_0_i/microblaze_0/U0/MicroBlaze_Core_I/Performance.Core/Decode_I/PreFetch_Buffer_I1/Instruction_Prefetch_Mux[42].Instr_Mux_MUXF7/IReady_0                                                            |                                                                                                                                             |               11 |             75 |
|  Lab_0_i/mdm_1/U0/No_Dbg_Reg_Access.BUFG_DRCK/Ext_JTAG_DRCK |                                                                                                                                                                                                         |                                                                                                                                             |               26 |             80 |
|  Lab_0_i/clk_wiz_0/inst/clk_out1                            | Lab_0_i/microblaze_0/U0/MicroBlaze_Core_I/Performance.Core/Decode_I/Performance_Debug_Control.dbg_state_nohalt_reg[34]                                                                                  |                                                                                                                                             |               16 |            128 |
|  Lab_0_i/clk_wiz_0/inst/clk_out1                            |                                                                                                                                                                                                         | Lab_0_i/microblaze_0/U0/MicroBlaze_Core_I/sync_reset                                                                                        |               72 |            149 |
|  Lab_0_i/clk_wiz_0/inst/clk_out1                            |                                                                                                                                                                                                         |                                                                                                                                             |               71 |            181 |
|  Lab_0_i/clk_wiz_0/inst/clk_out1                            | Lab_0_i/microblaze_0/U0/MicroBlaze_Core_I/Performance.Core/Decode_I/Use_MuxCy[11].OF_Piperun_Stage/MUXCY_I/of_pause_reg                                                                                 | Lab_0_i/microblaze_0/U0/MicroBlaze_Core_I/sync_reset                                                                                        |               76 |            218 |
+-------------------------------------------------------------+---------------------------------------------------------------------------------------------------------------------------------------------------------------------------------------------------------+---------------------------------------------------------------------------------------------------------------------------------------------+------------------+----------------+


